#
# There is insufficient memory for the Java Runtime Environment to continue.
# Native memory allocation (mmap) failed to map 134217728 bytes for G1 virtual space
# Possible reasons:
#   The system is out of physical RAM or swap space
#   The process is running with CompressedOops enabled, and the Java Heap may be blocking the growth of the native heap
# Possible solutions:
#   Reduce memory load on the system
#   Increase physical memory or swap space
#   Check if swap backing store is full
#   Decrease Java heap size (-Xmx/-Xms)
#   Decrease number of Java threads
#   Decrease Java thread stack sizes (-Xss)
#   Set larger code cache with -XX:ReservedCodeCacheSize=
#   JVM is running with Unscaled Compressed Oops mode in which the Java heap is
#     placed in the first 4GB address space. The Java Heap base address is the
#     maximum limit for the native heap growth. Please use -XX:HeapBaseMinAddress
#     to set the Java Heap base and to place the Java Heap above 4GB virtual address.
# This output file may be truncated or incomplete.
#
#  Out of Memory Error (os_windows.cpp:3548), pid=7996, tid=20236
#
# JRE version:  (17.0.11+7) (build )
# Java VM: Java HotSpot(TM) 64-Bit Server VM (17.0.11+7-LTS-207, mixed mode, sharing, tiered, compressed oops, compressed class ptrs, g1 gc, windows-amd64)
# No core dump will be written. Minidumps are not enabled by default on client versions of Windows
#

---------------  S U M M A R Y ------------

Command Line: -Dnet.bytebuddy.agent.attacher.dump= net.bytebuddy.agent.Attacher com.sun.tools.attach.VirtualMachine 14348 C:\Users\LENOVO\.m2\repository\net\bytebuddy\byte-buddy-agent\1.14.19\byte-buddy-agent-1.14.19.jar false 

Host: Intel(R) Core(TM) i5-8250U CPU @ 1.60GHz, 8 cores, 7G,  Windows 11 , 64 bit Build 22621 (10.0.22621.4391)
Time: Sun Dec  1 18:51:30 2024 Maroc (heure d64 bit Build 22621 (10.0.22621.4391) elapsed time: 0.015523 seconds (0d 0h 0m 0s)

---------------  T H R E A D  ---------------

Current thread (0x000001e443fc13d0):  JavaThread "Unknown thread" [_thread_in_vm, id=20236, stack(0x000000d1b5600000,0x000000d1b5700000)]

Stack: [0x000000d1b5600000,0x000000d1b5700000]
Native frames: (J=compiled Java code, j=interpreted, Vv=VM code, C=native code)
V  [jvm.dll+0x679cca]
V  [jvm.dll+0x7da13d]
V  [jvm.dll+0x7dba83]
V  [jvm.dll+0x7dc0f3]
V  [jvm.dll+0x2449af]
V  [jvm.dll+0x676ce9]
V  [jvm.dll+0x66b852]
V  [jvm.dll+0x3018d6]
V  [jvm.dll+0x308e76]
V  [jvm.dll+0x3596ee]
V  [jvm.dll+0x35991f]
V  [jvm.dll+0x2d89a8]
V  [jvm.dll+0x2d9914]
V  [jvm.dll+0x7ac6b1]
V  [jvm.dll+0x366f61]
V  [jvm.dll+0x78b609]
V  [jvm.dll+0x3ec22f]
V  [jvm.dll+0x3ede61]
C  [jli.dll+0x5297]
C  [ucrtbase.dll+0x29333]
C  [KERNEL32.DLL+0x1259d]
C  [ntdll.dll+0x5af38]


---------------  P R O C E S S  ---------------

Threads class SMR info:
_java_thread_list=0x00007ffb79607a18, length=0, elements={
}

Java Threads: ( => current thread )

Other Threads:
  0x000001e44401e1d0 GCTaskThread "GC Thread#0" [stack: 0x000000d1b5700000,0x000000d1b5800000] [id=18900]
  0x000001e44402ed60 ConcurrentGCThread "G1 Main Marker" [stack: 0x000000d1b5800000,0x000000d1b5900000] [id=17484]
  0x000001e444030680 ConcurrentGCThread "G1 Conc#0" [stack: 0x000000d1b5900000,0x000000d1b5a00000] [id=5052]

[error occurred during error reporting (printing all threads), id 0xc0000005, EXCEPTION_ACCESS_VIOLATION (0xc0000005) at pc=0x00007ffb78e39497]

VM state: not at safepoint (not fully initialized)

VM Mutex/Monitor currently owned by a thread:  ([mutex/lock_event])
[0x000001e443fbc4b0] Heap_lock - owner thread: 0x000001e443fc13d0

Heap address: 0x0000000081600000, size: 2026 MB, Compressed Oops mode: 32-bit

CDS archive(s) mapped at: [0x0000000000000000-0x0000000000000000-0x0000000000000000), size 0, SharedBaseAddress: 0x0000000800000000, ArchiveRelocationMode: 1.
Narrow klass base: 0x0000000000000000, Narrow klass shift: 0, Narrow klass range: 0x0

GC Precious Log:
<Empty>

Heap:
 garbage-first heap   total 0K, used 0K [0x0000000081600000, 0x0000000100000000)
  region size 1024K, 0 young (0K), 0 survivors (0K)

[error occurred during error reporting (printing heap information), id 0xc0000005, EXCEPTION_ACCESS_VIOLATION (0xc0000005) at pc=0x00007ffb79223559]

GC Heap History (0 events):
No events

Deoptimization events (0 events):
No events

Classes unloaded (0 events):
No events

Classes redefined (0 events):
No events

Internal exceptions (0 events):
No events

VM Operations (0 events):
No events

Events (1 events):
Event: 0.010 Loaded shared library C:\Program Files\Java\jdk-17\bin\java.dll


Dynamic libraries:
0x00007ff795d20000 - 0x00007ff795d30000 	C:\Program Files\Java\jdk-17\bin\java.exe
0x00007ffb9ccb0000 - 0x00007ffb9cec7000 	C:\Windows\SYSTEM32\ntdll.dll
0x00007ffb9c180000 - 0x00007ffb9c244000 	C:\Windows\System32\KERNEL32.DLL
0x00007ffb9a610000 - 0x00007ffb9a9c9000 	C:\Windows\System32\KERNELBASE.dll
0x00007ffb9a3d0000 - 0x00007ffb9a4e1000 	C:\Windows\System32\ucrtbase.dll
0x00007ffb797c0000 - 0x00007ffb797d9000 	C:\Program Files\Java\jdk-17\bin\jli.dll
0x00007ffb797e0000 - 0x00007ffb797fb000 	C:\Program Files\Java\jdk-17\bin\VCRUNTIME140.dll
0x00007ffb9c2b0000 - 0x00007ffb9c362000 	C:\Windows\System32\ADVAPI32.dll
0x00007ffb9c8a0000 - 0x00007ffb9c947000 	C:\Windows\System32\msvcrt.dll
0x00007ffb9c950000 - 0x00007ffb9c9f7000 	C:\Windows\System32\sechost.dll
0x00007ffb99fe0000 - 0x00007ffb9a008000 	C:\Windows\System32\bcrypt.dll
0x00007ffb9b320000 - 0x00007ffb9b434000 	C:\Windows\System32\RPCRT4.dll
0x00007ffb9ba10000 - 0x00007ffb9bbbe000 	C:\Windows\System32\USER32.dll
0x00007ffb99fb0000 - 0x00007ffb99fd6000 	C:\Windows\System32\win32u.dll
0x00007ffb82ed0000 - 0x00007ffb83162000 	C:\Windows\WinSxS\amd64_microsoft.windows.common-controls_6595b64144ccf1df_6.0.22621.4391_none_2715d37f73803e96\COMCTL32.dll
0x00007ffb9c870000 - 0x00007ffb9c899000 	C:\Windows\System32\GDI32.dll
0x00007ffb9a4f0000 - 0x00007ffb9a60b000 	C:\Windows\System32\gdi32full.dll
0x00007ffb9a2c0000 - 0x00007ffb9a35a000 	C:\Windows\System32\msvcp_win.dll
0x00007ffb96620000 - 0x00007ffb9662a000 	C:\Windows\SYSTEM32\VERSION.dll
0x00007ffb9ca80000 - 0x00007ffb9cab1000 	C:\Windows\System32\IMM32.DLL
0x00007ffb7e480000 - 0x00007ffb7e48c000 	C:\Program Files\Java\jdk-17\bin\vcruntime140_1.dll
0x00007ffb79730000 - 0x00007ffb797be000 	C:\Program Files\Java\jdk-17\bin\msvcp140.dll
0x00007ffb78b50000 - 0x00007ffb79730000 	C:\Program Files\Java\jdk-17\bin\server\jvm.dll
0x00007ffb9b310000 - 0x00007ffb9b318000 	C:\Windows\System32\PSAPI.DLL
0x00007ffb83170000 - 0x00007ffb83179000 	C:\Windows\SYSTEM32\WSOCK32.dll
0x00007ffb95d90000 - 0x00007ffb95dc4000 	C:\Windows\SYSTEM32\WINMM.dll
0x00007ffb9ca00000 - 0x00007ffb9ca71000 	C:\Windows\System32\WS2_32.dll
0x00007ffb98f50000 - 0x00007ffb98f68000 	C:\Windows\SYSTEM32\kernel.appcore.dll
0x00007ffb78af0000 - 0x00007ffb78afa000 	C:\Program Files\Java\jdk-17\bin\jimage.dll
0x00007ffb788b0000 - 0x00007ffb78ae2000 	C:\Windows\SYSTEM32\DBGHELP.DLL
0x00007ffb9b680000 - 0x00007ffb9ba0f000 	C:\Windows\System32\combase.dll
0x00007ffb9c630000 - 0x00007ffb9c707000 	C:\Windows\System32\OLEAUT32.dll
0x00007ffb78870000 - 0x00007ffb788a2000 	C:\Windows\SYSTEM32\dbgcore.DLL
0x00007ffb9a010000 - 0x00007ffb9a08b000 	C:\Windows\System32\bcryptPrimitives.dll
0x00007ffb78840000 - 0x00007ffb78865000 	C:\Program Files\Java\jdk-17\bin\java.dll

dbghelp: loaded successfully - version: 4.0.5 - missing functions: none
symbol engine: initialized successfully - sym options: 0x614 - pdb path: .;C:\Program Files\Java\jdk-17\bin;C:\Windows\SYSTEM32;C:\Windows\WinSxS\amd64_microsoft.windows.common-controls_6595b64144ccf1df_6.0.22621.4391_none_2715d37f73803e96;C:\Program Files\Java\jdk-17\bin\server

VM Arguments:
jvm_args: -Dnet.bytebuddy.agent.attacher.dump= 
java_command: net.bytebuddy.agent.Attacher com.sun.tools.attach.VirtualMachine 14348 C:\Users\LENOVO\.m2\repository\net\bytebuddy\byte-buddy-agent\1.14.19\byte-buddy-agent-1.14.19.jar false 
java_class_path (initial): C:\Users\LENOVO\.m2\repository\net\bytebuddy\byte-buddy-agent\1.14.19\byte-buddy-agent-1.14.19.jar
Launcher Type: SUN_STANDARD

[Global flags]
     intx CICompilerCount                          = 4                                         {product} {ergonomic}
     uint ConcGCThreads                            = 2                                         {product} {ergonomic}
     uint G1ConcRefinementThreads                  = 8                                         {product} {ergonomic}
   size_t G1HeapRegionSize                         = 1048576                                   {product} {ergonomic}
    uintx GCDrainStackTargetSize                   = 64                                        {product} {ergonomic}
   size_t InitialHeapSize                          = 134217728                                 {product} {ergonomic}
   size_t MarkStackSize                            = 4194304                                   {product} {ergonomic}
   size_t MaxHeapSize                              = 2124414976                                {product} {ergonomic}
   size_t MinHeapDeltaBytes                        = 1048576                                   {product} {ergonomic}
   size_t MinHeapSize                              = 8388608                                   {product} {ergonomic}
    uintx NonNMethodCodeHeapSize                   = 5839372                                {pd product} {ergonomic}
    uintx NonProfiledCodeHeapSize                  = 122909434                              {pd product} {ergonomic}
    uintx ProfiledCodeHeapSize                     = 122909434                              {pd product} {ergonomic}
    uintx ReservedCodeCacheSize                    = 251658240                              {pd product} {ergonomic}
     bool SegmentedCodeCache                       = true                                      {product} {ergonomic}
   size_t SoftMaxHeapSize                          = 2124414976                             {manageable} {ergonomic}
     bool UseCompressedClassPointers               = true                           {product lp64_product} {ergonomic}
     bool UseCompressedOops                        = true                           {product lp64_product} {ergonomic}
     bool UseG1GC                                  = true                                      {product} {ergonomic}
     bool UseLargePagesIndividualAllocation        = false                                  {pd product} {ergonomic}

Logging:
Log output configuration:
 #0: stdout all=warning uptime,level,tags
 #1: stderr all=off uptime,level,tags

Environment Variables:
JAVA_HOME=C:\Program Files\Java\jdk-21
PATH=C:/Program Files/Java/jdk-21/bin/server;C:/Program Files/Java/jdk-21/bin;C:\Program Files\Java\jdk-17\bin;C:\Program Files\Java\jdk-21\bin;C:\Program Files\Git\bin;C:\Users\LENOVO\AppData\Local\Programs\Python\Python312\Scripts\;C:\Users\LENOVO\AppData\Local\Programs\Python\Python312\;C:\Program Files\dotnet;C:\flutter\bin;C:\Program Files\MongoDB\Tools\100\bin;C:\Program Files\MongoDB\Server\7.0\bin;C:\java\jdk-1.8\bin;C:\Program Files (x86)\Common Files\Oracle\Java\java8path;C:\Program Files (x86)\Common Files\Oracle\Java\javapath;C:\oraclexe\app\oracle\product\11.2.0\server\bin;C:\hadoop\bin;C:\hadoop\sbin;C:\Program Files\MongoDB\mongosh-2.2.6-win32-x64\bin;C:\dart-sdk\bin;C:\Windows\System32;C:\Program Files\dotnet\;C:\Program Files\Microsoft SQL Server\150\Tools\Binn\;C:\Program Files\nodejs\;C:\ProgramData\chocolatey\bin;C:\Program Files\Docker\Docker\resources\bin;C:\Program Files\Git\cmd;C:\Program Files\apache-cxf-4.0.5\bin;C:\Users\LENOVO\Downloads\sonarqube-10.7.0.96327\sonarqube-10.7.0.96327\bin;C:\kafka\bin\windows;C:\Program Files\MySQL\MySQL Shell 8.0\bin\;C:\Users\LENOVO\AppData\Local\Microsoft\WindowsApps;C:\Users\LENOVO\AppData\Local\Programs\Microsoft VS Code\bin;C:\dart-sdk\bin;C:\flutter\bin;C:\Users\LENOVO\.dotnet\tools;C:\Users\LENOVO\AppData\Local\Programs\MiKTeX\miktex\bin\x64\;C:\Users\LENOVO\AppData\Roaming\npm;C:\Windows\system32;
USERNAME=LENOVO
OS=Windows_NT
PROCESSOR_IDENTIFIER=Intel64 Family 6 Model 142 Stepping 10, GenuineIntel



---------------  S Y S T E M  ---------------

OS:
 Windows 11 , 64 bit Build 22621 (10.0.22621.4391)
OS uptime: 11 days 8:05 hours
Hyper-V role detected

CPU: total 8 (initial active 8) (4 cores per cpu, 2 threads per core) family 6 model 142 stepping 10 microcode 0xe0, cx8, cmov, fxsr, ht, mmx, 3dnowpref, sse, sse2, sse3, ssse3, sse4.1, sse4.2, popcnt, lzcnt, tsc, tscinvbit, avx, avx2, aes, erms, clmul, bmi1, bmi2, adx, fma, vzeroupper, clflush, clflushopt, hv

Memory: 4k page, system-wide physical 8101M (680M free)
TotalPageFile size 15101M (AvailPageFile size 214M)
current process WorkingSet (physical memory assigned to process): 11M, peak: 11M
current process commit charge ("private bytes"): 60M, peak: 188M

vm_info: Java HotSpot(TM) 64-Bit Server VM (17.0.11+7-LTS-207) for windows-amd64 JRE (17.0.11+7-LTS-207), built on Mar 11 2024 19:01:50 by "mach5one" with MS VC++ 17.6 (VS2022)

END.
